<?xml version="1.0" encoding="UTF-8"?>
<!-- Generated by org.testng.reporters.JUnitReportReporter -->
<testsuite skipped="0" hostname="AHB-LAP" name="com.qst.ohrm.test.ApplyLeaveTest" tests="1" failures="0" timestamp="24 Jun 2018 05:01:56 GMT" time="13.404" errors="0">
  <testcase name="validateLeaveListTest" time="13.404" classname="com.qst.ohrm.test.ApplyLeaveTest"/>
</testsuite> <!-- com.qst.ohrm.test.ApplyLeaveTest -->
