<?xml version="1.0" encoding="UTF-8"?>
<!-- Generated by org.testng.reporters.JUnitReportReporter -->
<testsuite skipped="0" hostname="AHB-LAP" name="com.qst.ohrm.test.EmployeeTest" tests="2" failures="0" timestamp="24 Jun 2018 13:36:47 GMT" time="9.088" errors="0">
  <testcase name="createEmployeeTest1" time="0.071" classname="com.qst.ohrm.test.EmployeeTest"/>
  <testcase name="createEmployeeTest" time="9.017" classname="com.qst.ohrm.test.EmployeeTest"/>
</testsuite> <!-- com.qst.ohrm.test.EmployeeTest -->
