<?xml version="1.0" encoding="UTF-8"?>
<!-- Generated by org.testng.reporters.JUnitReportReporter -->
<testsuite skipped="0" hostname="AHB-LAP" name="com.qst.ohrm.test.ApplyLeaveTest" tests="2" failures="0" timestamp="26 Jun 2018 13:34:18 GMT" time="14.699" errors="0">
  <testcase name="validateAddEntitelmet" time="4.357" classname="com.qst.ohrm.test.ApplyLeaveTest"/>
  <testcase name="validateLeaveListTest" time="10.342" classname="com.qst.ohrm.test.ApplyLeaveTest"/>
</testsuite> <!-- com.qst.ohrm.test.ApplyLeaveTest -->
