<?xml version="1.0" encoding="UTF-8"?>
<!-- Generated by org.testng.reporters.JUnitReportReporter -->
<testsuite skipped="0" hostname="AHB-LAP" name="com.qst.ohrm.test.ScriptDevelopment" tests="1" failures="0" timestamp="26 Jun 2018 13:43:43 GMT" time="6.161" errors="0">
  <testcase name="validateLoginTest" time="6.161" classname="com.qst.ohrm.test.ScriptDevelopment"/>
</testsuite> <!-- com.qst.ohrm.test.ScriptDevelopment -->
